<?xml version="1.0" encoding="UTF-8"?>
<testng-results ignored="0" total="1" passed="1" failed="0" skipped="0">
  <reporter-output>
  </reporter-output>
  <suite started-at="2021-07-26T12:08:59 UTC" name="Surefire suite" finished-at="2021-07-26T12:09:16 UTC" duration-ms="17227">
    <groups>
      <group name="cucumber">
        <method signature="AbstractTestNGCucumberTests.runScenario(io.cucumber.testng.PickleWrapper,io.cucumber.testng.FeatureWrapper)[pri:0, instance:core.runner.TestRunner@530612ba]" name="runScenario" class="io.cucumber.testng.AbstractTestNGCucumberTests"/>
      </group> <!-- cucumber -->
    </groups>
    <test started-at="2021-07-26T12:08:59 UTC" name="Surefire test" finished-at="2021-07-26T12:09:16 UTC" duration-ms="17227">
      <class name="core.runner.TestRunner">
        <test-method is-config="true" signature="setUpClass()[pri:0, instance:core.runner.TestRunner@530612ba]" started-at="2021-07-26T12:08:59 UTC" name="setUpClass" finished-at="2021-07-26T12:08:59 UTC" duration-ms="314" status="PASS">
          <reporter-output>
          </reporter-output>
        </test-method> <!-- setUpClass -->
        <test-method signature="runScenario(io.cucumber.testng.PickleWrapper,io.cucumber.testng.FeatureWrapper)[pri:0, instance:core.runner.TestRunner@530612ba]" started-at="2021-07-26T12:08:59 UTC" name="runScenario" description="Runs Cucumber Scenarios" data-provider="scenarios" finished-at="2021-07-26T12:09:16 UTC" duration-ms="16796" status="PASS">
          <params>
            <param index="0">
              <value>
                <![CDATA["lg1:Login to hudl application"]]>
              </value>
            </param>
            <param index="1">
              <value>
                <![CDATA["Optional[Login functionality]"]]>
              </value>
            </param>
          </params>
          <reporter-output>
          </reporter-output>
        </test-method> <!-- runScenario -->
        <test-method is-config="true" signature="tearDownClass()[pri:0, instance:core.runner.TestRunner@530612ba]" started-at="2021-07-26T12:09:16 UTC" name="tearDownClass" finished-at="2021-07-26T12:09:16 UTC" duration-ms="87" status="PASS">
          <reporter-output>
          </reporter-output>
        </test-method> <!-- tearDownClass -->
      </class> <!-- core.runner.TestRunner -->
    </test> <!-- Surefire test -->
  </suite> <!-- Surefire suite -->
</testng-results>
